{"event":"DEPART","time":0,"transport_id":1,"kind":"TRUCK","location":"Factory","destination":"Port","cargo":[{"cargo_id":1,"destination":"A","origin":"Factory"}]}
{"event":"DEPART","time":0,"transport_id":2,"kind":"TRUCK","location":"Factory","destination":"Port","cargo":[{"cargo_id":2,"destination":"A","origin":"Factory"}]}
{"event":"ARRIVE","time":1,"transport_id":1,"kind":"TRUCK","location":"Port","destination":"Port","cargo":[{"cargo_id":1,"destination":"A","origin":"Factory"}]}
{"event":"DEPART","time":1,"transport_id":1,"kind":"TRUCK","location":"Port","destination":"Factory"}
{"event":"ARRIVE","time":1,"transport_id":2,"kind":"TRUCK","location":"Port","destination":"Port","cargo":[{"cargo_id":2,"destination":"A","origin":"Factory"}]}
{"event":"DEPART","time":1,"transport_id":2,"kind":"TRUCK","location":"Port","destination":"Factory"}
{"event":"DEPART","time":1,"transport_id":3,"kind":"SHIP","location":"Port","destination":"A","cargo":[{"cargo_id":1,"destination":"A","origin":"Factory"}]}
{"event":"ARRIVE","time":2,"transport_id":1,"kind":"TRUCK","location":"Factory","destination":"Factory"}
{"event":"DEPART","time":2,"transport_id":1,"kind":"TRUCK","location":"Factory","destination":"B","cargo":[{"cargo_id":3,"destination":"B","origin":"Factory"}]}
{"event":"ARRIVE","time":2,"transport_id":2,"kind":"TRUCK","location":"Factory","destination":"Factory"}
{"event":"DEPART","time":2,"transport_id":2,"kind":"TRUCK","location":"Factory","destination":"Port","cargo":[{"cargo_id":4,"destination":"A","origin":"Factory"}]}
{"event":"ARRIVE","time":3,"transport_id":2,"kind":"TRUCK","location":"Port","destination":"Port","cargo":[{"cargo_id":4,"destination":"A","origin":"Factory"}]}
{"event":"DEPART","time":3,"transport_id":2,"kind":"TRUCK","location":"Port","destination":"Factory"}
{"event":"ARRIVE","time":4,"transport_id":2,"kind":"TRUCK","location":"Factory","destination":"Factory"}
{"event":"DEPART","time":4,"transport_id":2,"kind":"TRUCK","location":"Factory","destination":"B","cargo":[{"cargo_id":5,"destination":"B","origin":"Factory"}]}
{"event":"ARRIVE","time":5,"transport_id":3,"kind":"SHIP","location":"A","destination":"A","cargo":[{"cargo_id":1,"destination":"A","origin":"Factory"}]}
{"event":"DEPART","time":5,"transport_id":3,"kind":"SHIP","location":"A","destination":"Port"}
{"event":"ARRIVE","time":7,"transport_id":1,"kind":"TRUCK","location":"B","destination":"B","cargo":[{"cargo_id":3,"destination":"B","origin":"Factory"}]}
{"event":"DEPART","time":7,"transport_id":1,"kind":"TRUCK","location":"B","destination":"Factory"}
{"event":"ARRIVE","time":9,"transport_id":2,"kind":"TRUCK","location":"B","destination":"B","cargo":[{"cargo_id":5,"destination":"B","origin":"Factory"}]}
{"event":"DEPART","time":9,"transport_id":2,"kind":"TRUCK","location":"B","destination":"Factory"}
{"event":"ARRIVE","time":9,"transport_id":3,"kind":"SHIP","location":"Port","destination":"Port"}
{"event":"DEPART","time":9,"transport_id":3,"kind":"SHIP","location":"Port","destination":"A","cargo":[{"cargo_id":2,"destination":"A","origin":"Factory"}]}
{"event":"ARRIVE","time":12,"transport_id":1,"kind":"TRUCK","location":"Factory","destination":"Factory"}
{"event":"DEPART","time":12,"transport_id":1,"kind":"TRUCK","location":"Factory","destination":"B","cargo":[{"cargo_id":6,"destination":"B","origin":"Factory"}]}
{"event":"ARRIVE","time":13,"transport_id":3,"kind":"SHIP","location":"A","destination":"A","cargo":[{"cargo_id":2,"destination":"A","origin":"Factory"}]}
{"event":"DEPART","time":13,"transport_id":3,"kind":"SHIP","location":"A","destination":"Port"}
{"event":"ARRIVE","time":14,"transport_id":2,"kind":"TRUCK","location":"Factory","destination":"Factory"}
{"event":"DEPART","time":14,"transport_id":2,"kind":"TRUCK","location":"Factory","destination":"Port","cargo":[{"cargo_id":7,"destination":"A","origin":"Factory"}]}
{"event":"ARRIVE","time":15,"transport_id":2,"kind":"TRUCK","location":"Port","destination":"Port","cargo":[{"cargo_id":7,"destination":"A","origin":"Factory"}]}
{"event":"DEPART","time":15,"transport_id":2,"kind":"TRUCK","location":"Port","destination":"Factory"}
{"event":"ARRIVE","time":16,"transport_id":2,"kind":"TRUCK","location":"Factory","destination":"Factory"}
{"event":"DEPART","time":16,"transport_id":2,"kind":"TRUCK","location":"Factory","destination":"B","cargo":[{"cargo_id":8,"destination":"B","origin":"Factory"}]}
{"event":"ARRIVE","time":17,"transport_id":1,"kind":"TRUCK","location":"B","destination":"B","cargo":[{"cargo_id":6,"destination":"B","origin":"Factory"}]}
{"event":"ARRIVE","time":17,"transport_id":3,"kind":"SHIP","location":"Port","destination":"Port"}
{"event":"DEPART","time":17,"transport_id":3,"kind":"SHIP","location":"Port","destination":"A","cargo":[{"cargo_id":4,"destination":"A","origin":"Factory"}]}
{"event":"ARRIVE","time":21,"transport_id":2,"kind":"TRUCK","location":"B","destination":"B","cargo":[{"cargo_id":8,"destination":"B","origin":"Factory"}]}
{"event":"ARRIVE","time":21,"transport_id":3,"kind":"SHIP","location":"A","destination":"A","cargo":[{"cargo_id":4,"destination":"A","origin":"Factory"}]}
{"event":"DEPART","time":21,"transport_id":3,"kind":"SHIP","location":"A","destination":"Port"}
{"event":"ARRIVE","time":25,"transport_id":3,"kind":"SHIP","location":"Port","destination":"Port"}
{"event":"DEPART","time":25,"transport_id":3,"kind":"SHIP","location":"Port","destination":"A","cargo":[{"cargo_id":7,"destination":"A","origin":"Factory"}]}
{"event":"ARRIVE","time":29,"transport_id":3,"kind":"SHIP","location":"A","destination":"A","cargo":[{"cargo_id":7,"destination":"A","origin":"Factory"}]}
