{
 "displayTimeUnit": "ms",
 "traceEvents": [
  {
   "ts": 0,
   "pid": "TRUCK:1",
   "tid": "TRUCK:1",
   "cat": "ddd",
   "args": {
    "cargo": [
     "CARGO:Factory_A_1"
    ],
    "transport": "TRUCK:1"
   },
   "ph": "B",
   "name": "Factory-Port"
  },
  {
   "ts": 0,
   "pid": "TRUCK:2",
   "tid": "TRUCK:2",
   "cat": "ddd",
   "args": {
    "cargo": [
     "CARGO:Factory_A_2"
    ],
    "transport": "TRUCK:2"
   },
   "ph": "B",
   "name": "Factory-Port"
  },
  {
   "ts": 1,
   "pid": "TRUCK:1",
   "tid": "TRUCK:1",
   "cat": "ddd",
   "args": {
    "cargo": [
     "CARGO:Factory_A_1"
    ],
    "transport": "TRUCK:1"
   },
   "ph": "E"
  },
  {
   "ts": 1,
   "pid": "TRUCK:1",
   "tid": "TRUCK:1",
   "cat": "ddd",
   "args": {
    "cargo": [],
    "transport": "TRUCK:1"
   },
   "ph": "B",
   "name": "Port-Factory"
  },
  {
   "ts": 1,
   "pid": "TRUCK:2",
   "tid": "TRUCK:2",
   "cat": "ddd",
   "args": {
    "cargo": [
     "CARGO:Factory_A_2"
    ],
    "transport": "TRUCK:2"
   },
   "ph": "E"
  },
  {
   "ts": 1,
   "pid": "TRUCK:2",
   "tid": "TRUCK:2",
   "cat": "ddd",
   "args": {
    "cargo": [],
    "transport": "TRUCK:2"
   },
   "ph": "B",
   "name": "Port-Factory"
  },
  {
   "ts": 1,
   "pid": "SHIP:3",
   "tid": "SHIP:3",
   "cat": "ddd",
   "args": {
    "cargo": [
     "CARGO:Factory_A_1"
    ],
    "transport": "SHIP:3"
   },
   "ph": "B",
   "name": "Port-A"
  },
  {
   "ts": 2,
   "pid": "TRUCK:1",
   "tid": "TRUCK:1",
   "cat": "ddd",
   "args": {
    "cargo": [],
    "transport": "TRUCK:1"
   },
   "ph": "E"
  },
  {
   "ts": 2,
   "pid": "TRUCK:1",
   "tid": "TRUCK:1",
   "cat": "ddd",
   "args": {
    "cargo": [
     "CARGO:Factory_B_3"
    ],
    "transport": "TRUCK:1"
   },
   "ph": "B",
   "name": "Factory-B"
  },
  {
   "ts": 2,
   "pid": "TRUCK:2",
   "tid": "TRUCK:2",
   "cat": "ddd",
   "args": {
    "cargo": [],
    "transport": "TRUCK:2"
   },
   "ph": "E"
  },
  {
   "ts": 2,
   "pid": "TRUCK:2",
   "tid": "TRUCK:2",
   "cat": "ddd",
   "args": {
    "cargo": [
     "CARGO:Factory_A_4"
    ],
    "transport": "TRUCK:2"
   },
   "ph": "B",
   "name": "Factory-Port"
  },
  {
   "ts": 3,
   "pid": "TRUCK:2",
   "tid": "TRUCK:2",
   "cat": "ddd",
   "args": {
    "cargo": [
     "CARGO:Factory_A_4"
    ],
    "transport": "TRUCK:2"
   },
   "ph": "E"
  },
  {
   "ts": 3,
   "pid": "TRUCK:2",
   "tid": "TRUCK:2",
   "cat": "ddd",
   "args": {
    "cargo": [],
    "transport": "TRUCK:2"
   },
   "ph": "B",
   "name": "Port-Factory"
  },
  {
   "ts": 4,
   "pid": "TRUCK:2",
   "tid": "TRUCK:2",
   "cat": "ddd",
   "args": {
    "cargo": [],
    "transport": "TRUCK:2"
   },
   "ph": "E"
  },
  {
   "ts": 4,
   "pid": "TRUCK:2",
   "tid": "TRUCK:2",
   "cat": "ddd",
   "args": {
    "cargo": [
     "CARGO:Factory_B_5"
    ],
    "transport": "TRUCK:2"
   },
   "ph": "B",
   "name": "Factory-B"
  },
  {
   "ts": 5,
   "pid": "SHIP:3",
   "tid": "SHIP:3",
   "cat": "ddd",
   "args": {
    "cargo": [
     "CARGO:Factory_A_1"
    ],
    "transport": "SHIP:3"
   },
   "ph": "E"
  },
  {
   "ts": 5,
   "pid": "SHIP:3",
   "tid": "SHIP:3",
   "cat": "ddd",
   "args": {
    "cargo": [],
    "transport": "SHIP:3"
   },
   "ph": "B",
   "name": "A-Port"
  },
  {
   "ts": 7,
   "pid": "TRUCK:1",
   "tid": "TRUCK:1",
   "cat": "ddd",
   "args": {
    "cargo": [
     "CARGO:Factory_B_3"
    ],
    "transport": "TRUCK:1"
   },
   "ph": "E"
  },
  {
   "ts": 7,
   "pid": "TRUCK:1",
   "tid": "TRUCK:1",
   "cat": "ddd",
   "args": {
    "cargo": [],
    "transport": "TRUCK:1"
   },
   "ph": "B",
   "name": "B-Factory"
  },
  {
   "ts": 9,
   "pid": "TRUCK:2",
   "tid": "TRUCK:2",
   "cat": "ddd",
   "args": {
    "cargo": [
     "CARGO:Factory_B_5"
    ],
    "transport": "TRUCK:2"
   },
   "ph": "E"
  },
  {
   "ts": 9,
   "pid": "TRUCK:2",
   "tid": "TRUCK:2",
   "cat": "ddd",
   "args": {
    "cargo": [],
    "transport": "TRUCK:2"
   },
   "ph": "B",
   "name": "B-Factory"
  },
  {
   "ts": 9,
   "pid": "SHIP:3",
   "tid": "SHIP:3",
   "cat": "ddd",
   "args": {
    "cargo": [],
    "transport": "SHIP:3"
   },
   "ph": "E"
  },
  {
   "ts": 9,
   "pid": "SHIP:3",
   "tid": "SHIP:3",
   "cat": "ddd",
   "args": {
    "cargo": [
     "CARGO:Factory_A_2"
    ],
    "transport": "SHIP:3"
   },
   "ph": "B",
   "name": "Port-A"
  },
  {
   "ts": 12,
   "pid": "TRUCK:1",
   "tid": "TRUCK:1",
   "cat": "ddd",
   "args": {
    "cargo": [],
    "transport": "TRUCK:1"
   },
   "ph": "E"
  },
  {
   "ts": 12,
   "pid": "TRUCK:1",
   "tid": "TRUCK:1",
   "cat": "ddd",
   "args": {
    "cargo": [
     "CARGO:Factory_B_6"
    ],
    "transport": "TRUCK:1"
   },
   "ph": "B",
   "name": "Factory-B"
  },
  {
   "ts": 13,
   "pid": "SHIP:3",
   "tid": "SHIP:3",
   "cat": "ddd",
   "args": {
    "cargo": [
     "CARGO:Factory_A_2"
    ],
    "transport": "SHIP:3"
   },
   "ph": "E"
  },
  {
   "ts": 13,
   "pid": "SHIP:3",
   "tid": "SHIP:3",
   "cat": "ddd",
   "args": {
    "cargo": [],
    "transport": "SHIP:3"
   },
   "ph": "B",
   "name": "A-Port"
  },
  {
   "ts": 14,
   "pid": "TRUCK:2",
   "tid": "TRUCK:2",
   "cat": "ddd",
   "args": {
    "cargo": [],
    "transport": "TRUCK:2"
   },
   "ph": "E"
  },
  {
   "ts": 14,
   "pid": "TRUCK:2",
   "tid": "TRUCK:2",
   "cat": "ddd",
   "args": {
    "cargo": [
     "CARGO:Factory_A_7"
    ],
    "transport": "TRUCK:2"
   },
   "ph": "B",
   "name": "Factory-Port"
  },
  {
   "ts": 15,
   "pid": "TRUCK:2",
   "tid": "TRUCK:2",
   "cat": "ddd",
   "args": {
    "cargo": [
     "CARGO:Factory_A_7"
    ],
    "transport": "TRUCK:2"
   },
   "ph": "E"
  },
  {
   "ts": 15,
   "pid": "TRUCK:2",
   "tid": "TRUCK:2",
   "cat": "ddd",
   "args": {
    "cargo": [],
    "transport": "TRUCK:2"
   },
   "ph": "B",
   "name": "Port-Factory"
  },
  {
   "ts": 16,
   "pid": "TRUCK:2",
   "tid": "TRUCK:2",
   "cat": "ddd",
   "args": {
    "cargo": [],
    "transport": "TRUCK:2"
   },
   "ph": "E"
  },
  {
   "ts": 16,
   "pid": "TRUCK:2",
   "tid": "TRUCK:2",
   "cat": "ddd",
   "args": {
    "cargo": [
     "CARGO:Factory_B_8"
    ],
    "transport": "TRUCK:2"
   },
   "ph": "B",
   "name": "Factory-B"
  },
  {
   "ts": 17,
   "pid": "TRUCK:1",
   "tid": "TRUCK:1",
   "cat": "ddd",
   "args": {
    "cargo": [
     "CARGO:Factory_B_6"
    ],
    "transport": "TRUCK:1"
   },
   "ph": "E"
  },
  {
   "ts": 17,
   "pid": "SHIP:3",
   "tid": "SHIP:3",
   "cat": "ddd",
   "args": {
    "cargo": [],
    "transport": "SHIP:3"
   },
   "ph": "E"
  },
  {
   "ts": 17,
   "pid": "SHIP:3",
   "tid": "SHIP:3",
   "cat": "ddd",
   "args": {
    "cargo": [
     "CARGO:Factory_A_4"
    ],
    "transport": "SHIP:3"
   },
   "ph": "B",
   "name": "Port-A"
  },
  {
   "ts": 21,
   "pid": "TRUCK:2",
   "tid": "TRUCK:2",
   "cat": "ddd",
   "args": {
    "cargo": [
     "CARGO:Factory_B_8"
    ],
    "transport": "TRUCK:2"
   },
   "ph": "E"
  },
  {
   "ts": 21,
   "pid": "SHIP:3",
   "tid": "SHIP:3",
   "cat": "ddd",
   "args": {
    "cargo": [
     "CARGO:Factory_A_4"
    ],
    "transport": "SHIP:3"
   },
   "ph": "E"
  },
  {
   "ts": 21,
   "pid": "SHIP:3",
   "tid": "SHIP:3",
   "cat": "ddd",
   "args": {
    "cargo": [],
    "transport": "SHIP:3"
   },
   "ph": "B",
   "name": "A-Port"
  },
  {
   "ts": 25,
   "pid": "SHIP:3",
   "tid": "SHIP:3",
   "cat": "ddd",
   "args": {
    "cargo": [],
    "transport": "SHIP:3"
   },
   "ph": "E"
  },
  {
   "ts": 25,
   "pid": "SHIP:3",
   "tid": "SHIP:3",
   "cat": "ddd",
   "args": {
    "cargo": [
     "CARGO:Factory_A_7"
    ],
    "transport": "SHIP:3"
   },
   "ph": "B",
   "name": "Port-A"
  },
  {
   "ts": 29,
   "pid": "SHIP:3",
   "tid": "SHIP:3",
   "cat": "ddd",
   "args": {
    "cargo": [
     "CARGO:Factory_A_7"
    ],
    "transport": "SHIP:3"
   },
   "ph": "E"
  }
 ]
}
