{
 "displayTimeUnit": "ms",
 "traceEvents": [
  {
   "ts": 0,
   "pid": "TRUCK:1",
   "tid": "TRUCK:1",
   "cat": "ddd",
   "args": {
    "cargo": [
     "CARGO:Factory_A_1"
    ],
    "transport": "TRUCK:1"
   },
   "ph": "B",
   "name": "Factory-Port"
  },
  {
   "ts": 0,
   "pid": "TRUCK:2",
   "tid": "TRUCK:2",
   "cat": "ddd",
   "args": {
    "cargo": [
     "CARGO:Factory_B_2"
    ],
    "transport": "TRUCK:2"
   },
   "ph": "B",
   "name": "Factory-B"
  },
  {
   "ts": 1,
   "pid": "TRUCK:1",
   "tid": "TRUCK:1",
   "cat": "ddd",
   "args": {
    "cargo": [
     "CARGO:Factory_A_1"
    ],
    "transport": "TRUCK:1"
   },
   "ph": "E"
  },
  {
   "ts": 1,
   "pid": "TRUCK:1",
   "tid": "TRUCK:1",
   "cat": "ddd",
   "args": {
    "cargo": [],
    "transport": "TRUCK:1"
   },
   "ph": "B",
   "name": "Port-Factory"
  },
  {
   "ts": 1,
   "pid": "SHIP:3",
   "tid": "SHIP:3",
   "cat": "ddd",
   "args": {
    "cargo": [
     "CARGO:Factory_A_1"
    ],
    "transport": "SHIP:3"
   },
   "ph": "B",
   "name": "Port-A"
  },
  {
   "ts": 2,
   "pid": "TRUCK:1",
   "tid": "TRUCK:1",
   "cat": "ddd",
   "args": {
    "cargo": [],
    "transport": "TRUCK:1"
   },
   "ph": "E"
  },
  {
   "ts": 2,
   "pid": "TRUCK:1",
   "tid": "TRUCK:1",
   "cat": "ddd",
   "args": {
    "cargo": [
     "CARGO:Factory_B_3"
    ],
    "transport": "TRUCK:1"
   },
   "ph": "B",
   "name": "Factory-B"
  },
  {
   "ts": 5,
   "pid": "TRUCK:2",
   "tid": "TRUCK:2",
   "cat": "ddd",
   "args": {
    "cargo": [
     "CARGO:Factory_B_2"
    ],
    "transport": "TRUCK:2"
   },
   "ph": "E"
  },
  {
   "ts": 5,
   "pid": "SHIP:3",
   "tid": "SHIP:3",
   "cat": "ddd",
   "args": {
    "cargo": [
     "CARGO:Factory_A_1"
    ],
    "transport": "SHIP:3"
   },
   "ph": "E"
  },
  {
   "ts": 7,
   "pid": "TRUCK:1",
   "tid": "TRUCK:1",
   "cat": "ddd",
   "args": {
    "cargo": [
     "CARGO:Factory_B_3"
    ],
    "transport": "TRUCK:1"
   },
   "ph": "E"
  }
 ]
}
