{
 "displayTimeUnit": "ms",
 "traceEvents": [
  {
   "ts": 0,
   "pid": "TRUCK:1",
   "tid": "TRUCK:1",
   "cat": "ddd",
   "args": {
    "cargo": [
     "CARGO:Factory_A_1"
    ],
    "transport": "TRUCK:1"
   },
   "ph": "B",
   "name": "Factory-Port"
  },
  {
   "ts": 0,
   "pid": "TRUCK:2",
   "tid": "TRUCK:2",
   "cat": "ddd",
   "args": {
    "cargo": [
     "CARGO:Factory_B_2"
    ],
    "transport": "TRUCK:2"
   },
   "ph": "B",
   "name": "Factory-B"
  },
  {
   "ts": 1,
   "pid": "TRUCK:1",
   "tid": "TRUCK:1",
   "cat": "ddd",
   "args": {
    "cargo": [
     "CARGO:Factory_A_1"
    ],
    "transport": "TRUCK:1"
   },
   "ph": "E"
  },
  {
   "ts": 1,
   "pid": "TRUCK:1",
   "tid": "TRUCK:1",
   "cat": "ddd",
   "args": {
    "cargo": [],
    "transport": "TRUCK:1"
   },
   "ph": "B",
   "name": "Port-Factory"
  },
  {
   "ts": 1,
   "pid": "SHIP:3",
   "tid": "SHIP:3",
   "cat": "ddd",
   "args": {
    "cargo": [
     "CARGO:Factory_A_1"
    ],
    "transport": "SHIP:3"
   },
   "ph": "B",
   "name": "Port-A"
  },
  {
   "ts": 2,
   "pid": "TRUCK:1",
   "tid": "TRUCK:1",
   "cat": "ddd",
   "args": {
    "cargo": [],
    "transport": "TRUCK:1"
   },
   "ph": "E"
  },
  {
   "ts": 2,
   "pid": "TRUCK:1",
   "tid": "TRUCK:1",
   "cat": "ddd",
   "args": {
    "cargo": [
     "CARGO:Factory_B_3"
    ],
    "transport": "TRUCK:1"
   },
   "ph": "B",
   "name": "Factory-B"
  },
  {
   "ts": 5,
   "pid": "TRUCK:2",
   "tid": "TRUCK:2",
   "cat": "ddd",
   "args": {
    "cargo": [
     "CARGO:Factory_B_2"
    ],
    "transport": "TRUCK:2"
   },
   "ph": "E"
  },
  {
   "ts": 5,
   "pid": "TRUCK:2",
   "tid": "TRUCK:2",
   "cat": "ddd",
   "args": {
    "cargo": [],
    "transport": "TRUCK:2"
   },
   "ph": "B",
   "name": "B-Factory"
  },
  {
   "ts": 5,
   "pid": "SHIP:3",
   "tid": "SHIP:3",
   "cat": "ddd",
   "args": {
    "cargo": [
     "CARGO:Factory_A_1"
    ],
    "transport": "SHIP:3"
   },
   "ph": "E"
  },
  {
   "ts": 5,
   "pid": "SHIP:3",
   "tid": "SHIP:3",
   "cat": "ddd",
   "args": {
    "cargo": [],
    "transport": "SHIP:3"
   },
   "ph": "B",
   "name": "A-Port"
  },
  {
   "ts": 7,
   "pid": "TRUCK:1",
   "tid": "TRUCK:1",
   "cat": "ddd",
   "args": {
    "cargo": [
     "CARGO:Factory_B_3"
    ],
    "transport": "TRUCK:1"
   },
   "ph": "E"
  },
  {
   "ts": 7,
   "pid": "TRUCK:1",
   "tid": "TRUCK:1",
   "cat": "ddd",
   "args": {
    "cargo": [],
    "transport": "TRUCK:1"
   },
   "ph": "B",
   "name": "B-Factory"
  },
  {
   "ts": 9,
   "pid": "SHIP:3",
   "tid": "SHIP:3",
   "cat": "ddd",
   "args": {
    "cargo": [],
    "transport": "SHIP:3"
   },
   "ph": "E"
  },
  {
   "ts": 10,
   "pid": "TRUCK:2",
   "tid": "TRUCK:2",
   "cat": "ddd",
   "args": {
    "cargo": [],
    "transport": "TRUCK:2"
   },
   "ph": "E"
  },
  {
   "ts": 10,
   "pid": "TRUCK:2",
   "tid": "TRUCK:2",
   "cat": "ddd",
   "args": {
    "cargo": [
     "CARGO:Factory_B_4"
    ],
    "transport": "TRUCK:2"
   },
   "ph": "B",
   "name": "Factory-B"
  },
  {
   "ts": 12,
   "pid": "TRUCK:1",
   "tid": "TRUCK:1",
   "cat": "ddd",
   "args": {
    "cargo": [],
    "transport": "TRUCK:1"
   },
   "ph": "E"
  },
  {
   "ts": 12,
   "pid": "TRUCK:1",
   "tid": "TRUCK:1",
   "cat": "ddd",
   "args": {
    "cargo": [
     "CARGO:Factory_A_5"
    ],
    "transport": "TRUCK:1"
   },
   "ph": "B",
   "name": "Factory-Port"
  },
  {
   "ts": 13,
   "pid": "TRUCK:1",
   "tid": "TRUCK:1",
   "cat": "ddd",
   "args": {
    "cargo": [
     "CARGO:Factory_A_5"
    ],
    "transport": "TRUCK:1"
   },
   "ph": "E"
  },
  {
   "ts": 13,
   "pid": "TRUCK:1",
   "tid": "TRUCK:1",
   "cat": "ddd",
   "args": {
    "cargo": [],
    "transport": "TRUCK:1"
   },
   "ph": "B",
   "name": "Port-Factory"
  },
  {
   "ts": 13,
   "pid": "SHIP:3",
   "tid": "SHIP:3",
   "cat": "ddd",
   "args": {
    "cargo": [
     "CARGO:Factory_A_5"
    ],
    "transport": "SHIP:3"
   },
   "ph": "B",
   "name": "Port-A"
  },
  {
   "ts": 14,
   "pid": "TRUCK:1",
   "tid": "TRUCK:1",
   "cat": "ddd",
   "args": {
    "cargo": [],
    "transport": "TRUCK:1"
   },
   "ph": "E"
  },
  {
   "ts": 14,
   "pid": "TRUCK:1",
   "tid": "TRUCK:1",
   "cat": "ddd",
   "args": {
    "cargo": [
     "CARGO:Factory_B_6"
    ],
    "transport": "TRUCK:1"
   },
   "ph": "B",
   "name": "Factory-B"
  },
  {
   "ts": 15,
   "pid": "TRUCK:2",
   "tid": "TRUCK:2",
   "cat": "ddd",
   "args": {
    "cargo": [
     "CARGO:Factory_B_4"
    ],
    "transport": "TRUCK:2"
   },
   "ph": "E"
  },
  {
   "ts": 15,
   "pid": "TRUCK:2",
   "tid": "TRUCK:2",
   "cat": "ddd",
   "args": {
    "cargo": [],
    "transport": "TRUCK:2"
   },
   "ph": "B",
   "name": "B-Factory"
  },
  {
   "ts": 17,
   "pid": "SHIP:3",
   "tid": "SHIP:3",
   "cat": "ddd",
   "args": {
    "cargo": [
     "CARGO:Factory_A_5"
    ],
    "transport": "SHIP:3"
   },
   "ph": "E"
  },
  {
   "ts": 17,
   "pid": "SHIP:3",
   "tid": "SHIP:3",
   "cat": "ddd",
   "args": {
    "cargo": [],
    "transport": "SHIP:3"
   },
   "ph": "B",
   "name": "A-Port"
  },
  {
   "ts": 19,
   "pid": "TRUCK:1",
   "tid": "TRUCK:1",
   "cat": "ddd",
   "args": {
    "cargo": [
     "CARGO:Factory_B_6"
    ],
    "transport": "TRUCK:1"
   },
   "ph": "E"
  },
  {
   "ts": 19,
   "pid": "TRUCK:1",
   "tid": "TRUCK:1",
   "cat": "ddd",
   "args": {
    "cargo": [],
    "transport": "TRUCK:1"
   },
   "ph": "B",
   "name": "B-Factory"
  },
  {
   "ts": 20,
   "pid": "TRUCK:2",
   "tid": "TRUCK:2",
   "cat": "ddd",
   "args": {
    "cargo": [],
    "transport": "TRUCK:2"
   },
   "ph": "E"
  },
  {
   "ts": 20,
   "pid": "TRUCK:2",
   "tid": "TRUCK:2",
   "cat": "ddd",
   "args": {
    "cargo": [
     "CARGO:Factory_A_7"
    ],
    "transport": "TRUCK:2"
   },
   "ph": "B",
   "name": "Factory-Port"
  },
  {
   "ts": 21,
   "pid": "TRUCK:2",
   "tid": "TRUCK:2",
   "cat": "ddd",
   "args": {
    "cargo": [
     "CARGO:Factory_A_7"
    ],
    "transport": "TRUCK:2"
   },
   "ph": "E"
  },
  {
   "ts": 21,
   "pid": "TRUCK:2",
   "tid": "TRUCK:2",
   "cat": "ddd",
   "args": {
    "cargo": [],
    "transport": "TRUCK:2"
   },
   "ph": "B",
   "name": "Port-Factory"
  },
  {
   "ts": 21,
   "pid": "SHIP:3",
   "tid": "SHIP:3",
   "cat": "ddd",
   "args": {
    "cargo": [],
    "transport": "SHIP:3"
   },
   "ph": "E"
  },
  {
   "ts": 21,
   "pid": "SHIP:3",
   "tid": "SHIP:3",
   "cat": "ddd",
   "args": {
    "cargo": [
     "CARGO:Factory_A_7"
    ],
    "transport": "SHIP:3"
   },
   "ph": "B",
   "name": "Port-A"
  },
  {
   "ts": 22,
   "pid": "TRUCK:2",
   "tid": "TRUCK:2",
   "cat": "ddd",
   "args": {
    "cargo": [],
    "transport": "TRUCK:2"
   },
   "ph": "E"
  },
  {
   "ts": 22,
   "pid": "TRUCK:2",
   "tid": "TRUCK:2",
   "cat": "ddd",
   "args": {
    "cargo": [
     "CARGO:Factory_A_8"
    ],
    "transport": "TRUCK:2"
   },
   "ph": "B",
   "name": "Factory-Port"
  },
  {
   "ts": 23,
   "pid": "TRUCK:2",
   "tid": "TRUCK:2",
   "cat": "ddd",
   "args": {
    "cargo": [
     "CARGO:Factory_A_8"
    ],
    "transport": "TRUCK:2"
   },
   "ph": "E"
  },
  {
   "ts": 23,
   "pid": "TRUCK:2",
   "tid": "TRUCK:2",
   "cat": "ddd",
   "args": {
    "cargo": [],
    "transport": "TRUCK:2"
   },
   "ph": "B",
   "name": "Port-Factory"
  },
  {
   "ts": 24,
   "pid": "TRUCK:1",
   "tid": "TRUCK:1",
   "cat": "ddd",
   "args": {
    "cargo": [],
    "transport": "TRUCK:1"
   },
   "ph": "E"
  },
  {
   "ts": 24,
   "pid": "TRUCK:1",
   "tid": "TRUCK:1",
   "cat": "ddd",
   "args": {
    "cargo": [
     "CARGO:Factory_A_9"
    ],
    "transport": "TRUCK:1"
   },
   "ph": "B",
   "name": "Factory-Port"
  },
  {
   "ts": 24,
   "pid": "TRUCK:2",
   "tid": "TRUCK:2",
   "cat": "ddd",
   "args": {
    "cargo": [],
    "transport": "TRUCK:2"
   },
   "ph": "E"
  },
  {
   "ts": 24,
   "pid": "TRUCK:2",
   "tid": "TRUCK:2",
   "cat": "ddd",
   "args": {
    "cargo": [
     "CARGO:Factory_B_10"
    ],
    "transport": "TRUCK:2"
   },
   "ph": "B",
   "name": "Factory-B"
  },
  {
   "ts": 25,
   "pid": "TRUCK:1",
   "tid": "TRUCK:1",
   "cat": "ddd",
   "args": {
    "cargo": [
     "CARGO:Factory_A_9"
    ],
    "transport": "TRUCK:1"
   },
   "ph": "E"
  },
  {
   "ts": 25,
   "pid": "TRUCK:1",
   "tid": "TRUCK:1",
   "cat": "ddd",
   "args": {
    "cargo": [],
    "transport": "TRUCK:1"
   },
   "ph": "B",
   "name": "Port-Factory"
  },
  {
   "ts": 25,
   "pid": "SHIP:3",
   "tid": "SHIP:3",
   "cat": "ddd",
   "args": {
    "cargo": [
     "CARGO:Factory_A_7"
    ],
    "transport": "SHIP:3"
   },
   "ph": "E"
  },
  {
   "ts": 25,
   "pid": "SHIP:3",
   "tid": "SHIP:3",
   "cat": "ddd",
   "args": {
    "cargo": [],
    "transport": "SHIP:3"
   },
   "ph": "B",
   "name": "A-Port"
  },
  {
   "ts": 26,
   "pid": "TRUCK:1",
   "tid": "TRUCK:1",
   "cat": "ddd",
   "args": {
    "cargo": [],
    "transport": "TRUCK:1"
   },
   "ph": "E"
  },
  {
   "ts": 26,
   "pid": "TRUCK:1",
   "tid": "TRUCK:1",
   "cat": "ddd",
   "args": {
    "cargo": [
     "CARGO:Factory_B_11"
    ],
    "transport": "TRUCK:1"
   },
   "ph": "B",
   "name": "Factory-B"
  },
  {
   "ts": 29,
   "pid": "TRUCK:2",
   "tid": "TRUCK:2",
   "cat": "ddd",
   "args": {
    "cargo": [
     "CARGO:Factory_B_10"
    ],
    "transport": "TRUCK:2"
   },
   "ph": "E"
  },
  {
   "ts": 29,
   "pid": "TRUCK:2",
   "tid": "TRUCK:2",
   "cat": "ddd",
   "args": {
    "cargo": [],
    "transport": "TRUCK:2"
   },
   "ph": "B",
   "name": "B-Factory"
  },
  {
   "ts": 29,
   "pid": "SHIP:3",
   "tid": "SHIP:3",
   "cat": "ddd",
   "args": {
    "cargo": [],
    "transport": "SHIP:3"
   },
   "ph": "E"
  },
  {
   "ts": 29,
   "pid": "SHIP:3",
   "tid": "SHIP:3",
   "cat": "ddd",
   "args": {
    "cargo": [
     "CARGO:Factory_A_8"
    ],
    "transport": "SHIP:3"
   },
   "ph": "B",
   "name": "Port-A"
  },
  {
   "ts": 31,
   "pid": "TRUCK:1",
   "tid": "TRUCK:1",
   "cat": "ddd",
   "args": {
    "cargo": [
     "CARGO:Factory_B_11"
    ],
    "transport": "TRUCK:1"
   },
   "ph": "E"
  },
  {
   "ts": 31,
   "pid": "TRUCK:1",
   "tid": "TRUCK:1",
   "cat": "ddd",
   "args": {
    "cargo": [],
    "transport": "TRUCK:1"
   },
   "ph": "B",
   "name": "B-Factory"
  },
  {
   "ts": 33,
   "pid": "SHIP:3",
   "tid": "SHIP:3",
   "cat": "ddd",
   "args": {
    "cargo": [
     "CARGO:Factory_A_8"
    ],
    "transport": "SHIP:3"
   },
   "ph": "E"
  },
  {
   "ts": 33,
   "pid": "SHIP:3",
   "tid": "SHIP:3",
   "cat": "ddd",
   "args": {
    "cargo": [],
    "transport": "SHIP:3"
   },
   "ph": "B",
   "name": "A-Port"
  },
  {
   "ts": 34,
   "pid": "TRUCK:2",
   "tid": "TRUCK:2",
   "cat": "ddd",
   "args": {
    "cargo": [],
    "transport": "TRUCK:2"
   },
   "ph": "E"
  },
  {
   "ts": 34,
   "pid": "TRUCK:2",
   "tid": "TRUCK:2",
   "cat": "ddd",
   "args": {
    "cargo": [
     "CARGO:Factory_B_12"
    ],
    "transport": "TRUCK:2"
   },
   "ph": "B",
   "name": "Factory-B"
  },
  {
   "ts": 36,
   "pid": "TRUCK:1",
   "tid": "TRUCK:1",
   "cat": "ddd",
   "args": {
    "cargo": [],
    "transport": "TRUCK:1"
   },
   "ph": "E"
  },
  {
   "ts": 37,
   "pid": "SHIP:3",
   "tid": "SHIP:3",
   "cat": "ddd",
   "args": {
    "cargo": [],
    "transport": "SHIP:3"
   },
   "ph": "E"
  },
  {
   "ts": 37,
   "pid": "SHIP:3",
   "tid": "SHIP:3",
   "cat": "ddd",
   "args": {
    "cargo": [
     "CARGO:Factory_A_9"
    ],
    "transport": "SHIP:3"
   },
   "ph": "B",
   "name": "Port-A"
  },
  {
   "ts": 39,
   "pid": "TRUCK:2",
   "tid": "TRUCK:2",
   "cat": "ddd",
   "args": {
    "cargo": [
     "CARGO:Factory_B_12"
    ],
    "transport": "TRUCK:2"
   },
   "ph": "E"
  },
  {
   "ts": 41,
   "pid": "SHIP:3",
   "tid": "SHIP:3",
   "cat": "ddd",
   "args": {
    "cargo": [
     "CARGO:Factory_A_9"
    ],
    "transport": "SHIP:3"
   },
   "ph": "E"
  }
 ]
}
