{
 "displayTimeUnit": "ms",
 "traceEvents": [
  {
   "ts": 0,
   "pid": "TRUCK:1",
   "tid": "TRUCK:1",
   "cat": "ddd",
   "args": {
    "cargo": [
     "CARGO:Factory_B_1"
    ],
    "transport": "TRUCK:1"
   },
   "ph": "B",
   "name": "Factory-B"
  },
  {
   "ts": 0,
   "pid": "TRUCK:2",
   "tid": "TRUCK:2",
   "cat": "ddd",
   "args": {
    "cargo": [
     "CARGO:Factory_B_2"
    ],
    "transport": "TRUCK:2"
   },
   "ph": "B",
   "name": "Factory-B"
  },
  {
   "ts": 5,
   "pid": "TRUCK:1",
   "tid": "TRUCK:1",
   "cat": "ddd",
   "args": {
    "cargo": [
     "CARGO:Factory_B_1"
    ],
    "transport": "TRUCK:1"
   },
   "ph": "E"
  },
  {
   "ts": 5,
   "pid": "TRUCK:2",
   "tid": "TRUCK:2",
   "cat": "ddd",
   "args": {
    "cargo": [
     "CARGO:Factory_B_2"
    ],
    "transport": "TRUCK:2"
   },
   "ph": "E"
  }
 ]
}
